<?xml version="1.0" encoding="UTF-8"?>
<!-- Generated by org.testng.reporters.JUnitXMLReporter -->
<testsuite hostname="DESKTOP-EH35RUG" tests="2" failures="1" timestamp="17 Oct 2017 12:53:07 GMT" time="0.089" errors="0">
  <testcase name="testChange" time="0.011" classname="SingletonProjectChangeTest">
    <skipped/>
  </testcase> <!-- testChange -->
  <testcase name="testGet" time="0.008" classname="SingletonProjectGetTest">
    <failure type="java.lang.AssertionError" message="expected [ass] but found [a]">
      <![CDATA[java.lang.AssertionError: expected [ass] but found [a]
	at SingletonProjectGetTest.testGet(SingletonProjectGetTest.java:16)
... Removed 39 stack frames]]>
    </failure>
  </testcase> <!-- testGet -->
</testsuite>
